<?xml version="1.0" encoding="UTF-8"?>
<testsuite name="Automatizacion de api" tests="1" skipped="0" failures="0" errors="0" timestamp="2023-10-26T21:45:12" hostname="DESKTOP-1L570O5" time="3.625">
  <properties/>
  <testcase name="Crear un usuario en petstore" classname="Automatizacion de api" time="3.625"/>
  <system-out><![CDATA[HTTP/1.1 200 OK
Date: Thu, 26 Oct 2023 21:45:17 GMT
Content-Type: application/json
Transfer-Encoding: chunked
Connection: keep-alive
Access-Control-Allow-Origin: *
Access-Control-Allow-Methods: GET, POST, DELETE, PUT
Access-Control-Allow-Headers: Content-Type, api_key, Authorization
Server: Jetty(9.2.9.v20150224)

{
    "code": 200,
    "type": "unknown",
    "message": "123"
}
]]></system-out>
  <system-err><![CDATA[[Test worker] INFO io.cucumber.core.plugin.SerenityReporter - Running feature from file:///C:/Users/Usuario/IdeaProjects/PruebaKometPet/src/test/resources/com.komet.features/post_komet.feature
[Test worker] WARN io.cucumber.core.plugin.SerenityReporter - Feature from file:///C:/Users/Usuario/IdeaProjects/PruebaKometPet/src/test/resources/com.komet.features/post_komet.feature is not under the 'features' directory. Requirements report will not be correctly generated!
[Test worker] INFO  - 
  _____   ___   ___   _____     ___   _____     _     ___   _____   ___   ___  
 |_   _| | __| / __| |_   _|   / __| |_   _|   /_\   | _ \ |_   _| | __| |   \ 
   | |   | _|  \__ \   | |     \__ \   | |    / _ \  |   /   | |   | _|  | |) |
   |_|   |___| |___/   |_|     |___/   |_|   /_/ \_\ |_|_\   |_|   |___| |___/ 

Crear un usuario en petstore(automatizacion-de-api;crear-un-usuario-en-petstore)
--------------------------------------------------------------------------------
[Test worker] INFO  - 
  _____   ___   ___   _____     ___     _     ___   ___   ___   ___  
 |_   _| | __| / __| |_   _|   | _ \   /_\   / __| / __| | __| |   \ 
   | |   | _|  \__ \   | |     |  _/  / _ \  \__ \ \__ \ | _|  | |) |
   |_|   |___| |___/   |_|     |_|   /_/ \_\ |___/ |___/ |___| |___/ 

Crear un usuario en petstore
----------------------------------------------------------------------
]]></system-err>
</testsuite>
